<?xml version="1.0" encoding="UTF-8"?>
<!-- Generated by org.testng.reporters.JUnitReportReporter -->
<testsuite hostname="Moneers-MacBook-Pro.local" failures="0" tests="15" name="api.test.DDTests" time="7.341" errors="0" timestamp="2024-12-04T16:08:05 PST" skipped="0">
  <testcase classname="api.test.DDTests" name="testPostUser" time="0.443"/>
  <testcase classname="api.test.DDTests" name="testPostUser" time="0.444"/>
  <testcase classname="api.test.DDTests" name="testPostUser" time="1.232"/>
  <testcase classname="api.test.DDTests" name="testPostUser" time="0.432"/>
  <testcase classname="api.test.DDTests" name="testPostUser" time="0.430"/>
  <testcase classname="api.test.DDTests" name="testReadUserByName" time="0.458"/>
  <testcase classname="api.test.DDTests" name="testReadUserByName" time="0.440"/>
  <testcase classname="api.test.DDTests" name="testReadUserByName" time="0.468"/>
  <testcase classname="api.test.DDTests" name="testReadUserByName" time="0.434"/>
  <testcase classname="api.test.DDTests" name="testReadUserByName" time="0.436"/>
  <testcase classname="api.test.DDTests" name="testDeleteUserByName" time="0.424"/>
  <testcase classname="api.test.DDTests" name="testDeleteUserByName" time="0.433"/>
  <testcase classname="api.test.DDTests" name="testDeleteUserByName" time="0.425"/>
  <testcase classname="api.test.DDTests" name="testDeleteUserByName" time="0.420"/>
  <testcase classname="api.test.DDTests" name="testDeleteUserByName" time="0.422"/>
</testsuite> <!-- api.test.DDTests -->
