<?xml version="1.0" encoding="UTF-8"?>
<!-- Generated by org.testng.reporters.JUnitReportReporter -->
<testsuite hostname="Moneers-MacBook-Pro.local" failures="0" tests="15" name="api.test.DDTests" time="7.647" errors="0" timestamp="2024-12-04T23:54:36 PST" skipped="0">
  <testcase classname="api.test.DDTests" name="testPostUser" time="0.454"/>
  <testcase classname="api.test.DDTests" name="testPostUser" time="0.458"/>
  <testcase classname="api.test.DDTests" name="testPostUser" time="1.352"/>
  <testcase classname="api.test.DDTests" name="testPostUser" time="0.445"/>
  <testcase classname="api.test.DDTests" name="testPostUser" time="0.458"/>
  <testcase classname="api.test.DDTests" name="testReadUserByName" time="0.426"/>
  <testcase classname="api.test.DDTests" name="testReadUserByName" time="0.547"/>
  <testcase classname="api.test.DDTests" name="testReadUserByName" time="0.482"/>
  <testcase classname="api.test.DDTests" name="testReadUserByName" time="0.443"/>
  <testcase classname="api.test.DDTests" name="testReadUserByName" time="0.425"/>
  <testcase classname="api.test.DDTests" name="testDeleteUserByName" time="0.428"/>
  <testcase classname="api.test.DDTests" name="testDeleteUserByName" time="0.421"/>
  <testcase classname="api.test.DDTests" name="testDeleteUserByName" time="0.429"/>
  <testcase classname="api.test.DDTests" name="testDeleteUserByName" time="0.426"/>
  <testcase classname="api.test.DDTests" name="testDeleteUserByName" time="0.453"/>
</testsuite> <!-- api.test.DDTests -->
