<?xml version="1.0" encoding="UTF-8"?>
<!-- Generated by org.testng.reporters.JUnitReportReporter -->
<testsuite hostname="Moneers-MacBook-Pro.local" failures="0" tests="15" name="api.test.DDTests" time="7.423" errors="0" timestamp="2024-12-04T23:47:46 PST" skipped="0">
  <testcase classname="api.test.DDTests" name="testPostUser" time="1.132"/>
  <testcase classname="api.test.DDTests" name="testPostUser" time="0.449"/>
  <testcase classname="api.test.DDTests" name="testPostUser" time="0.455"/>
  <testcase classname="api.test.DDTests" name="testPostUser" time="0.453"/>
  <testcase classname="api.test.DDTests" name="testPostUser" time="0.442"/>
  <testcase classname="api.test.DDTests" name="testReadUserByName" time="0.447"/>
  <testcase classname="api.test.DDTests" name="testReadUserByName" time="0.446"/>
  <testcase classname="api.test.DDTests" name="testReadUserByName" time="0.441"/>
  <testcase classname="api.test.DDTests" name="testReadUserByName" time="0.446"/>
  <testcase classname="api.test.DDTests" name="testReadUserByName" time="0.471"/>
  <testcase classname="api.test.DDTests" name="testDeleteUserByName" time="0.454"/>
  <testcase classname="api.test.DDTests" name="testDeleteUserByName" time="0.452"/>
  <testcase classname="api.test.DDTests" name="testDeleteUserByName" time="0.438"/>
  <testcase classname="api.test.DDTests" name="testDeleteUserByName" time="0.442"/>
  <testcase classname="api.test.DDTests" name="testDeleteUserByName" time="0.455"/>
</testsuite> <!-- api.test.DDTests -->
