<?xml version="1.0" encoding="UTF-8"?>
<!-- Generated by org.testng.reporters.JUnitReportReporter -->
<testsuite hostname="Moneers-MacBook-Pro.local" failures="0" tests="4" name="api.test.UserTest2" time="3.251" errors="0" timestamp="2024-12-04T23:52:33 PST" skipped="0">
  <testcase classname="api.test.UserTest2" name="testPostUser" time="1.361"/>
  <testcase classname="api.test.UserTest2" name="testGetUserByName" time="0.455"/>
  <testcase classname="api.test.UserTest2" name="testUpdatetUserByName" time="0.995"/>
  <testcase classname="api.test.UserTest2" name="testDeleteUserByName" time="0.440"/>
</testsuite> <!-- api.test.UserTest2 -->
