<?xml version="1.0" encoding="UTF-8"?>
<!-- Generated by org.testng.reporters.JUnitReportReporter -->
<testsuite hostname="Moneers-MacBook-Pro.local" failures="0" tests="4" name="api.test.UserTest" time="3.142" errors="0" timestamp="2024-12-04T23:02:42 PST" skipped="0">
  <testcase classname="api.test.UserTest" name="testPostUser" time="1.302"/>
  <testcase classname="api.test.UserTest" name="testGetUserByName" time="0.467"/>
  <testcase classname="api.test.UserTest" name="testUpdatetUserByName" time="0.916"/>
  <testcase classname="api.test.UserTest" name="testDeleteUserByName" time="0.457"/>
</testsuite> <!-- api.test.UserTest -->
