<?xml version="1.0" encoding="UTF-8"?>
<!-- Generated by org.testng.reporters.JUnitReportReporter -->
<testsuite hostname="Moneers-MacBook-Pro.local" failures="0" tests="4" name="api.test.UserTest" time="3.048" errors="0" timestamp="2024-12-04T20:46:32 PST" skipped="0">
  <testcase classname="api.test.UserTest" name="testPostUser" time="1.255"/>
  <testcase classname="api.test.UserTest" name="testGetUserByName" time="0.444"/>
  <testcase classname="api.test.UserTest" name="testUpdatetUserByName" time="0.889"/>
  <testcase classname="api.test.UserTest" name="testDeleteUserByName" time="0.460"/>
</testsuite> <!-- api.test.UserTest -->
